Performing C SOURCE FILE Test CMAKE_HAVE_LIBC_PTHREAD failed with the following output:
Change Dir: /media/ghost/0F17-1D0C/ghost Sec/Rune-Editor/rune-lang/build/CMakeFiles/CMakeTmp

Run Build Command(s):/usr/bin/gmake cmTC_6483a/fast && /usr/bin/gmake  -f CMakeFiles/cmTC_6483a.dir/build.make CMakeFiles/cmTC_6483a.dir/build
gmake[1]: Entering directory '/media/ghost/0F17-1D0C/ghost Sec/Rune-Editor/rune-lang/build/CMakeFiles/CMakeTmp'
Building C object CMakeFiles/cmTC_6483a.dir/src.c.o
/usr/bin/cc   -DCMAKE_HAVE_LIBC_PTHREAD -o CMakeFiles/cmTC_6483a.dir/src.c.o -c "/media/ghost/0F17-1D0C/ghost Sec/Rune-Editor/rune-lang/build/CMakeFiles/CMakeTmp/src.c"
Linking C executable cmTC_6483a
/usr/bin/cmake -E cmake_link_script CMakeFiles/cmTC_6483a.dir/link.txt --verbose=1
/usr/bin/cc  -DCMAKE_HAVE_LIBC_PTHREAD CMakeFiles/cmTC_6483a.dir/src.c.o -o cmTC_6483a 
/usr/bin/ld: CMakeFiles/cmTC_6483a.dir/src.c.o: in function `main':
src.c:(.text+0x3f): undefined reference to `pthread_create'
/usr/bin/ld: src.c:(.text+0x4e): undefined reference to `pthread_detach'
/usr/bin/ld: src.c:(.text+0x5d): undefined reference to `pthread_cancel'
/usr/bin/ld: src.c:(.text+0x6e): undefined reference to `pthread_join'
collect2: error: ld returned 1 exit status
gmake[1]: *** [CMakeFiles/cmTC_6483a.dir/build.make:106: cmTC_6483a] Error 1
gmake[1]: Leaving directory '/media/ghost/0F17-1D0C/ghost Sec/Rune-Editor/rune-lang/build/CMakeFiles/CMakeTmp'
gmake: *** [Makefile:140: cmTC_6483a/fast] Error 2


Source file was:
#include <pthread.h>

void* test_func(void* data)
{
  return data;
}

int main(void)
{
  pthread_t thread;
  pthread_create(&thread, NULL, test_func, NULL);
  pthread_detach(thread);
  pthread_cancel(thread);
  pthread_join(thread, NULL);
  pthread_atfork(NULL, NULL, NULL);
  pthread_exit(NULL);

  return 0;
}

Determining if the function pthread_create exists in the pthreads failed with the following output:
Change Dir: /media/ghost/0F17-1D0C/ghost Sec/Rune-Editor/rune-lang/build/CMakeFiles/CMakeTmp

Run Build Command(s):/usr/bin/gmake cmTC_23e8c/fast && /usr/bin/gmake  -f CMakeFiles/cmTC_23e8c.dir/build.make CMakeFiles/cmTC_23e8c.dir/build
gmake[1]: Entering directory '/media/ghost/0F17-1D0C/ghost Sec/Rune-Editor/rune-lang/build/CMakeFiles/CMakeTmp'
Building C object CMakeFiles/cmTC_23e8c.dir/CheckFunctionExists.c.o
/usr/bin/cc   -DCHECK_FUNCTION_EXISTS=pthread_create -o CMakeFiles/cmTC_23e8c.dir/CheckFunctionExists.c.o -c /usr/share/cmake-3.18/Modules/CheckFunctionExists.c
Linking C executable cmTC_23e8c
/usr/bin/cmake -E cmake_link_script CMakeFiles/cmTC_23e8c.dir/link.txt --verbose=1
/usr/bin/cc  -DCHECK_FUNCTION_EXISTS=pthread_create CMakeFiles/cmTC_23e8c.dir/CheckFunctionExists.c.o -o cmTC_23e8c  -lpthreads 
/usr/bin/ld: cannot find -lpthreads
collect2: error: ld returned 1 exit status
gmake[1]: *** [CMakeFiles/cmTC_23e8c.dir/build.make:106: cmTC_23e8c] Error 1
gmake[1]: Leaving directory '/media/ghost/0F17-1D0C/ghost Sec/Rune-Editor/rune-lang/build/CMakeFiles/CMakeTmp'
gmake: *** [Makefile:140: cmTC_23e8c/fast] Error 2



